30-Apr-24 10:37:23 AM  Folder: INITIAL
-----------------------------------
\add.gsa.........................16
\bcz.gsa.........................15
\bun.gsa.........................13
\inp.gsa..........................8
\lod.gsa.........................14
\out.gsa..........................8
\str.gsa.........................14
\GENERAL\AbsAdr.gsa...............5
\GENERAL\DMACycle.gsa.............9
\GENERAL\Fetch1.gsa...............4
\GENERAL\Fetch2.gsa...............4
-----------------------------------
11  files, 110  vertices, average 10.00



30-Apr-24 10:49:15 AM  Folder: INITIAL
-----------------------------------
\add.gsa.........................16
\bcz.gsa.........................15
\bun.gsa.........................13
\inp.gsa..........................8
\lod.gsa.........................14
\out.gsa..........................8
\str.gsa.........................14
\GENERAL\AbsAdr.gsa...............5
\GENERAL\DMACycle.gsa.............9
\GENERAL\Fetch1.gsa...............4
\GENERAL\Fetch2.gsa...............4
-----------------------------------
11  files, 110  vertices, average 10.00



08-May-24 11:49:01 AM  Folder: INITIAL
-----------------------------------
\add.gsa.........................16
\bcz.gsa.........................15
\bun.gsa.........................13
\inp.gsa..........................8
\lod.gsa.........................14
\out.gsa..........................8
\str.gsa.........................14
\GENERAL\AbsAdr.gsa...............5
\GENERAL\DMACycle.gsa.............9
\GENERAL\Fetch1.gsa...............4
\GENERAL\Fetch2.gsa...............4
-----------------------------------
11  files, 110  vertices, average 10.00



